# JRE version: 7.0_25-b16
# Java VM: Java HotSpot(TM) Client VM (23.25-b01 mixed mode, sharing windows-x86 )
Heap
 def new generation   total 8192K, used 8192K [0x1ab50000, 0x1b430000, 0x1fff0000)
  eden space 7296K, 100% used [0x1ab50000, 0x1b270000, 0x1b270000)
  from space 896K, 100% used [0x1b350000, 0x1b430000, 0x1b430000)
  to   space 896K,   0% used [0x1b270000, 0x1b271c50, 0x1b350000)
 tenured generation   total 18128K, used 11772K [0x1fff0000, 0x211a4000, 0x2a950000)
   the space 18128K,  64% used [0x1fff0000, 0x20b6f368, 0x20b6f400, 0x211a4000)
 compacting perm gen  total 12288K, used 5201K [0x2a950000, 0x2b550000, 0x2e950000)
   the space 12288K,  42% used [0x2a950000, 0x2ae644f0, 0x2ae64600, 0x2b550000)
    ro space 10240K,  45% used [0x2e950000, 0x2edd9b28, 0x2edd9c00, 0x2f350000)
    rw space 12288K,  54% used [0x2f350000, 0x2f9dd0e8, 0x2f9dd200, 0x2ff50000)
GC Heap History (10 events):
Event: 8.914 GC heap after
Heap after GC invocations=6 (full 0):
 def new generation   total 4864K, used 512K [0x1ab50000, 0x1b090000, 0x1fff0000)
  eden space 4352K,   0% used [0x1ab50000, 0x1ab50000, 0x1af90000)
  from space 512K, 100% used [0x1af90000, 0x1b010000, 0x1b010000)
  to   space 512K,   0% used [0x1b010000, 0x1b010000, 0x1b090000)
 tenured generation   total 10880K, used 7464K [0x1fff0000, 0x20a90000, 0x2a950000)
   the space 10880K,  68% used [0x1fff0000, 0x2073a240, 0x2073a400, 0x20a90000)
 compacting perm gen  total 12288K, used 4491K [0x2a950000, 0x2b550000, 0x2e950000)
   the space 12288K,  36% used [0x2a950000, 0x2adb2d08, 0x2adb2e00, 0x2b550000)
    ro space 10240K,  45% used [0x2e950000, 0x2edd9b28, 0x2edd9c00, 0x2f350000)
    rw space 12288K,  54% used [0x2f350000, 0x2f9dd0e8, 0x2f9dd200, 0x2ff50000)
}
Event: 22.197 GC heap before
{Heap before GC invocations=6 (full 0):
 def new generation   total 4864K, used 4864K [0x1ab50000, 0x1b090000, 0x1fff0000)
  eden space 4352K, 100% used [0x1ab50000, 0x1af90000, 0x1af90000)
  from space 512K, 100% used [0x1af90000, 0x1b010000, 0x1b010000)
  to   space 512K,   0% used [0x1b010000, 0x1b010000, 0x1b090000)
 tenured generation   total 10880K, used 7464K [0x1fff0000, 0x20a90000, 0x2a950000)
   the space 10880K,  68% used [0x1fff0000, 0x2073a240, 0x2073a400, 0x20a90000)
 compacting perm gen  total 12288K, used 4986K [0x2a950000, 0x2b550000, 0x2e950000)
   the space 12288K,  40% used [0x2a950000, 0x2ae2ebf0, 0x2ae2ec00, 0x2b550000)
    ro space 10240K,  45% used [0x2e950000, 0x2edd9b28, 0x2edd9c00, 0x2f350000)
    rw space 12288K,  54% used [0x2f350000, 0x2f9dd0e8, 0x2f9dd200, 0x2ff50000)
Event: 22.209 GC heap after
Heap after GC invocations=7 (full 0):
 def new generation   total 4864K, used 512K [0x1ab50000, 0x1b090000, 0x1fff0000)
  eden space 4352K,   0% used [0x1ab50000, 0x1ab50000, 0x1af90000)
  from space 512K, 100% used [0x1b010000, 0x1b090000, 0x1b090000)
  to   space 512K,   0% used [0x1af90000, 0x1af90000, 0x1b010000)
 tenured generation   total 10880K, used 10218K [0x1fff0000, 0x20a90000, 0x2a950000)
   the space 10880K,  93% used [0x1fff0000, 0x209eaa28, 0x209eac00, 0x20a90000)
 compacting perm gen  total 12288K, used 4986K [0x2a950000, 0x2b550000, 0x2e950000)
   the space 12288K,  40% used [0x2a950000, 0x2ae2ebf0, 0x2ae2ec00, 0x2b550000)
    ro space 10240K,  45% used [0x2e950000, 0x2edd9b28, 0x2edd9c00, 0x2f350000)
    rw space 12288K,  54% used [0x2f350000, 0x2f9dd0e8, 0x2f9dd200, 0x2ff50000)
}
Event: 92.943 GC heap before
{Heap before GC invocations=7 (full 0):
 def new generation   total 4864K, used 4864K [0x1ab50000, 0x1b090000, 0x1fff0000)
  eden space 4352K, 100% used [0x1ab50000, 0x1af90000, 0x1af90000)
  from space 512K, 100% used [0x1b010000, 0x1b090000, 0x1b090000)
  to   space 512K,   0% used [0x1af90000, 0x1af90000, 0x1b010000)
 tenured generation   total 10880K, used 10218K [0x1fff0000, 0x20a90000, 0x2a950000)
   the space 10880K,  93% used [0x1fff0000, 0x209eaa28, 0x209eac00, 0x20a90000)
 compacting perm gen  total 12288K, used 5149K [0x2a950000, 0x2b550000, 0x2e950000)
   the space 12288K,  41% used [0x2a950000, 0x2ae57420, 0x2ae57600, 0x2b550000)
    ro space 10240K,  45% used [0x2e950000, 0x2edd9b28, 0x2edd9c00, 0x2f350000)
    rw space 12288K,  54% used [0x2f350000, 0x2f9dd0e8, 0x2f9dd200, 0x2ff50000)
Event: 92.949 GC heap after
Heap after GC invocations=8 (full 0):
 def new generation   total 4864K, used 509K [0x1ab50000, 0x1b090000, 0x1fff0000)
  eden space 4352K,   0% used [0x1ab50000, 0x1ab50000, 0x1af90000)
  from space 512K,  99% used [0x1af90000, 0x1b00f640, 0x1b010000)
  to   space 512K,   0% used [0x1b010000, 0x1b010000, 0x1b090000)
 tenured generation   total 10880K, used 10744K [0x1fff0000, 0x20a90000, 0x2a950000)
   the space 10880K,  98% used [0x1fff0000, 0x20a6e0a8, 0x20a6e200, 0x20a90000)
 compacting perm gen  total 12288K, used 5149K [0x2a950000, 0x2b550000, 0x2e950000)
   the space 12288K,  41% used [0x2a950000, 0x2ae57420, 0x2ae57600, 0x2b550000)
    ro space 10240K,  45% used [0x2e950000, 0x2edd9b28, 0x2edd9c00, 0x2f350000)
    rw space 12288K,  54% used [0x2f350000, 0x2f9dd0e8, 0x2f9dd200, 0x2ff50000)
}
Event: 166.593 GC heap before
{Heap before GC invocations=8 (full 0):
 def new generation   total 4864K, used 4861K [0x1ab50000, 0x1b090000, 0x1fff0000)
  eden space 4352K, 100% used [0x1ab50000, 0x1af90000, 0x1af90000)
  from space 512K,  99% used [0x1af90000, 0x1b00f640, 0x1b010000)
  to   space 512K,   0% used [0x1b010000, 0x1b010000, 0x1b090000)
 tenured generation   total 10880K, used 10744K [0x1fff0000, 0x20a90000, 0x2a950000)
   the space 10880K,  98% used [0x1fff0000, 0x20a6e0a8, 0x20a6e200, 0x20a90000)
 compacting perm gen  total 12288K, used 5193K [0x2a950000, 0x2b550000, 0x2e950000)
   the space 12288K,  42% used [0x2a950000, 0x2ae624d8, 0x2ae62600, 0x2b550000)
    ro space 10240K,  45% used [0x2e950000, 0x2edd9b28, 0x2edd9c00, 0x2f350000)
    rw space 12288K,  54% used [0x2f350000, 0x2f9dd0e8, 0x2f9dd200, 0x2ff50000)
Event: 166.732 GC heap after
Heap after GC invocations=9 (full 1):
 def new generation   total 8192K, used 0K [0x1ab50000, 0x1b430000, 0x1fff0000)
  eden space 7296K,   0% used [0x1ab50000, 0x1ab50000, 0x1b270000)
  from space 896K,   0% used [0x1b270000, 0x1b270000, 0x1b350000)
  to   space 896K,   0% used [0x1b350000, 0x1b350000, 0x1b430000)
 tenured generation   total 18128K, used 10875K [0x1fff0000, 0x211a4000, 0x2a950000)
   the space 18128K,  59% used [0x1fff0000, 0x20a8ec58, 0x20a8ee00, 0x211a4000)
 compacting perm gen  total 12288K, used 5193K [0x2a950000, 0x2b550000, 0x2e950000)
   the space 12288K,  42% used [0x2a950000, 0x2ae624d8, 0x2ae62600, 0x2b550000)
    ro space 10240K,  45% used [0x2e950000, 0x2edd9b28, 0x2edd9c00, 0x2f350000)
    rw space 12288K,  54% used [0x2f350000, 0x2f9dd0e8, 0x2f9dd200, 0x2ff50000)
}
Event: 256.406 GC heap before
{Heap before GC invocations=9 (full 1):
 def new generation   total 8192K, used 7296K [0x1ab50000, 0x1b430000, 0x1fff0000)
  eden space 7296K, 100% used [0x1ab50000, 0x1b270000, 0x1b270000)
  from space 896K,   0% used [0x1b270000, 0x1b270000, 0x1b350000)
  to   space 896K,   0% used [0x1b350000, 0x1b350000, 0x1b430000)
 tenured generation   total 18128K, used 10875K [0x1fff0000, 0x211a4000, 0x2a950000)
   the space 18128K,  59% used [0x1fff0000, 0x20a8ec58, 0x20a8ee00, 0x211a4000)
 compacting perm gen  total 12288K, used 5195K [0x2a950000, 0x2b550000, 0x2e950000)
   the space 12288K,  42% used [0x2a950000, 0x2ae62f78, 0x2ae63000, 0x2b550000)
    ro space 10240K,  45% used [0x2e950000, 0x2edd9b28, 0x2edd9c00, 0x2f350000)
    rw space 12288K,  54% used [0x2f350000, 0x2f9dd0e8, 0x2f9dd200, 0x2ff50000)
Event: 256.411 GC heap after
Heap after GC invocations=10 (full 1):
 def new generation   total 8192K, used 896K [0x1ab50000, 0x1b430000, 0x1fff0000)
  eden space 7296K,   0% used [0x1ab50000, 0x1ab50000, 0x1b270000)
  from space 896K, 100% used [0x1b350000, 0x1b430000, 0x1b430000)
  to   space 896K,   0% used [0x1b270000, 0x1b270000, 0x1b350000)
 tenured generation   total 18128K, used 11772K [0x1fff0000, 0x211a4000, 0x2a950000)
   the space 18128K,  64% used [0x1fff0000, 0x20b6f300, 0x20b6f400, 0x211a4000)
 compacting perm gen  total 12288K, used 5195K [0x2a950000, 0x2b550000, 0x2e950000)
   the space 12288K,  42% used [0x2a950000, 0x2ae62f78, 0x2ae63000, 0x2b550000)
    ro space 10240K,  45% used [0x2e950000, 0x2edd9b28, 0x2edd9c00, 0x2f350000)
    rw space 12288K,  54% used [0x2f350000, 0x2f9dd0e8, 0x2f9dd200, 0x2ff50000)
}
Event: 350.940 GC heap before
{Heap before GC invocations=10 (full 1):
 def new generation   total 8192K, used 8192K [0x1ab50000, 0x1b430000, 0x1fff0000)
  eden space 7296K, 100% used [0x1ab50000, 0x1b270000, 0x1b270000)
  from space 896K, 100% used [0x1b350000, 0x1b430000, 0x1b430000)
  to   space 896K,   0% used [0x1b270000, 0x1b270000, 0x1b350000)
 tenured generation   total 18128K, used 11772K [0x1fff0000, 0x211a4000, 0x2a950000)
   the space 18128K,  64% used [0x1fff0000, 0x20b6f300, 0x20b6f400, 0x211a4000)
 compacting perm gen  total 12288K, used 5201K [0x2a950000, 0x2b550000, 0x2e950000)
   the space 12288K,  42% used [0x2a950000, 0x2ae644f0, 0x2ae64600, 0x2b550000)
    ro space 10240K,  45% used [0x2e950000, 0x2edd9b28, 0x2edd9c00, 0x2f350000)
    rw space 12288K,  54% used [0x2f350000, 0x2f9dd0e8, 0x2f9dd200, 0x2ff50000)

